# JRE version: Java(TM) SE Runtime Environment (8.0_121-b13) (build 1.8.0_121-b13)
# Java VM: Java HotSpot(TM) 64-Bit Server VM (25.121-b13 mixed mode windows-amd64 compressed oops)
Heap:
 PSYoungGen      total 122368K, used 10441K [0x00000000f5580000, 0x0000000100000000, 0x0000000100000000)
  eden space 111616K, 9% used [0x00000000f5580000,0x00000000f5fb24a0,0x00000000fc280000)
  from space 10752K, 0% used [0x00000000fc280000,0x00000000fc280000,0x00000000fcd00000)
  to   space 10752K, 0% used [0x00000000ff580000,0x00000000ff580000,0x0000000100000000)
 ParOldGen       total 81408K, used 15317K [0x00000000e0000000, 0x00000000e4f80000, 0x00000000f5580000)
  object space 81408K, 18% used [0x00000000e0000000,0x00000000e0ef5570,0x00000000e4f80000)
 Metaspace       used 35336K, capacity 35990K, committed 36352K, reserved 1081344K
  class space    used 5101K, capacity 5295K, committed 5376K, reserved 1048576K
GC Heap History (10 events):
Event: 12.822 GC heap before
{Heap before GC invocations=7 (full 1):
 PSYoungGen      total 76288K, used 6368K [0x00000000f5580000, 0x00000000faa80000, 0x0000000100000000)
  eden space 66560K, 0% used [0x00000000f5580000,0x00000000f5580000,0x00000000f9680000)
  from space 9728K, 65% used [0x00000000fa100000,0x00000000fa738328,0x00000000faa80000)
  to   space 10240K, 0% used [0x00000000f9680000,0x00000000f9680000,0x00000000fa080000)
 ParOldGen       total 87552K, used 9188K [0x00000000e0000000, 0x00000000e5580000, 0x00000000f5580000)
  object space 87552K, 10% used [0x00000000e0000000,0x00000000e08f9058,0x00000000e5580000)
 Metaspace       used 20637K, capacity 21028K, committed 21296K, reserved 1067008K
  class space    used 2947K, capacity 3098K, committed 3200K, reserved 1048576K
Event: 12.918 GC heap after
Heap after GC invocations=7 (full 1):
 PSYoungGen      total 76288K, used 0K [0x00000000f5580000, 0x00000000faa80000, 0x0000000100000000)
  eden space 66560K, 0% used [0x00000000f5580000,0x00000000f5580000,0x00000000f9680000)
  from space 9728K, 0% used [0x00000000fa100000,0x00000000fa100000,0x00000000faa80000)
  to   space 10240K, 0% used [0x00000000f9680000,0x00000000f9680000,0x00000000fa080000)
 ParOldGen       total 56832K, used 9324K [0x00000000e0000000, 0x00000000e3780000, 0x00000000f5580000)
  object space 56832K, 16% used [0x00000000e0000000,0x00000000e091b188,0x00000000e3780000)
 Metaspace       used 20637K, capacity 21028K, committed 21296K, reserved 1067008K
  class space    used 2947K, capacity 3098K, committed 3200K, reserved 1048576K
}
Event: 17.163 GC heap before
{Heap before GC invocations=8 (full 1):
 PSYoungGen      total 76288K, used 66560K [0x00000000f5580000, 0x00000000faa80000, 0x0000000100000000)
  eden space 66560K, 100% used [0x00000000f5580000,0x00000000f9680000,0x00000000f9680000)
  from space 9728K, 0% used [0x00000000fa100000,0x00000000fa100000,0x00000000faa80000)
  to   space 10240K, 0% used [0x00000000f9680000,0x00000000f9680000,0x00000000fa080000)
 ParOldGen       total 56832K, used 9324K [0x00000000e0000000, 0x00000000e3780000, 0x00000000f5580000)
  object space 56832K, 16% used [0x00000000e0000000,0x00000000e091b188,0x00000000e3780000)
 Metaspace       used 27112K, capacity 27496K, committed 27776K, reserved 1073152K
  class space    used 3789K, capacity 3946K, committed 3968K, reserved 1048576K
Event: 17.188 GC heap after
Heap after GC invocations=8 (full 1):
 PSYoungGen      total 76800K, used 7133K [0x00000000f5580000, 0x00000000fd680000, 0x0000000100000000)
  eden space 66560K, 0% used [0x00000000f5580000,0x00000000f5580000,0x00000000f9680000)
  from space 10240K, 69% used [0x00000000f9680000,0x00000000f9d776a8,0x00000000fa080000)
  to   space 9728K, 0% used [0x00000000fcd00000,0x00000000fcd00000,0x00000000fd680000)
 ParOldGen       total 56832K, used 9332K [0x00000000e0000000, 0x00000000e3780000, 0x00000000f5580000)
  object space 56832K, 16% used [0x00000000e0000000,0x00000000e091d188,0x00000000e3780000)
 Metaspace       used 27112K, capacity 27496K, committed 27776K, reserved 1073152K
  class space    used 3789K, capacity 3946K, committed 3968K, reserved 1048576K
}
Event: 19.326 GC heap before
{Heap before GC invocations=9 (full 1):
 PSYoungGen      total 76800K, used 73693K [0x00000000f5580000, 0x00000000fd680000, 0x0000000100000000)
  eden space 66560K, 100% used [0x00000000f5580000,0x00000000f9680000,0x00000000f9680000)
  from space 10240K, 69% used [0x00000000f9680000,0x00000000f9d776a8,0x00000000fa080000)
  to   space 9728K, 0% used [0x00000000fcd00000,0x00000000fcd00000,0x00000000fd680000)
 ParOldGen       total 56832K, used 9332K [0x00000000e0000000, 0x00000000e3780000, 0x00000000f5580000)
  object space 56832K, 16% used [0x00000000e0000000,0x00000000e091d188,0x00000000e3780000)
 Metaspace       used 31857K, capacity 32330K, committed 32640K, reserved 1077248K
  class space    used 4490K, capacity 4657K, committed 4736K, reserved 1048576K
Event: 19.359 GC heap after
Heap after GC invocations=9 (full 1):
 PSYoungGen      total 121344K, used 9204K [0x00000000f5580000, 0x00000000fd880000, 0x0000000100000000)
  eden space 111616K, 0% used [0x00000000f5580000,0x00000000f5580000,0x00000000fc280000)
  from space 9728K, 94% used [0x00000000fcd00000,0x00000000fd5fd3f8,0x00000000fd680000)
  to   space 10752K, 0% used [0x00000000fc280000,0x00000000fc280000,0x00000000fcd00000)
 ParOldGen       total 56832K, used 9340K [0x00000000e0000000, 0x00000000e3780000, 0x00000000f5580000)
  object space 56832K, 16% used [0x00000000e0000000,0x00000000e091f188,0x00000000e3780000)
 Metaspace       used 31857K, capacity 32330K, committed 32640K, reserved 1077248K
  class space    used 4490K, capacity 4657K, committed 4736K, reserved 1048576K
}
Event: 24.636 GC heap before
{Heap before GC invocations=10 (full 1):
 PSYoungGen      total 121344K, used 55223K [0x00000000f5580000, 0x00000000fd880000, 0x0000000100000000)
  eden space 111616K, 41% used [0x00000000f5580000,0x00000000f8270878,0x00000000fc280000)
  from space 9728K, 94% used [0x00000000fcd00000,0x00000000fd5fd3f8,0x00000000fd680000)
  to   space 10752K, 0% used [0x00000000fc280000,0x00000000fc280000,0x00000000fcd00000)
 ParOldGen       total 56832K, used 9340K [0x00000000e0000000, 0x00000000e3780000, 0x00000000f5580000)
  object space 56832K, 16% used [0x00000000e0000000,0x00000000e091f188,0x00000000e3780000)
 Metaspace       used 34583K, capacity 35148K, committed 35456K, reserved 1079296K
  class space    used 4960K, capacity 5126K, committed 5248K, reserved 1048576K
Event: 24.655 GC heap after
Heap after GC invocations=10 (full 1):
 PSYoungGen      total 122368K, used 8555K [0x00000000f5580000, 0x0000000100000000, 0x0000000100000000)
  eden space 111616K, 0% used [0x00000000f5580000,0x00000000f5580000,0x00000000fc280000)
  from space 10752K, 79% used [0x00000000fc280000,0x00000000fcadadd8,0x00000000fcd00000)
  to   space 10752K, 0% used [0x00000000ff580000,0x00000000ff580000,0x0000000100000000)
 ParOldGen       total 56832K, used 9348K [0x00000000e0000000, 0x00000000e3780000, 0x00000000f5580000)
  object space 56832K, 16% used [0x00000000e0000000,0x00000000e0921188,0x00000000e3780000)
 Metaspace       used 34583K, capacity 35148K, committed 35456K, reserved 1079296K
  class space    used 4960K, capacity 5126K, committed 5248K, reserved 1048576K
}
Event: 24.655 GC heap before
{Heap before GC invocations=11 (full 2):
 PSYoungGen      total 122368K, used 8555K [0x00000000f5580000, 0x0000000100000000, 0x0000000100000000)
  eden space 111616K, 0% used [0x00000000f5580000,0x00000000f5580000,0x00000000fc280000)
  from space 10752K, 79% used [0x00000000fc280000,0x00000000fcadadd8,0x00000000fcd00000)
  to   space 10752K, 0% used [0x00000000ff580000,0x00000000ff580000,0x0000000100000000)
 ParOldGen       total 56832K, used 9348K [0x00000000e0000000, 0x00000000e3780000, 0x00000000f5580000)
  object space 56832K, 16% used [0x00000000e0000000,0x00000000e0921188,0x00000000e3780000)
 Metaspace       used 34583K, capacity 35148K, committed 35456K, reserved 1079296K
  class space    used 4960K, capacity 5126K, committed 5248K, reserved 1048576K
Event: 24.812 GC heap after
Heap after GC invocations=11 (full 2):
 PSYoungGen      total 122368K, used 0K [0x00000000f5580000, 0x0000000100000000, 0x0000000100000000)
  eden space 111616K, 0% used [0x00000000f5580000,0x00000000f5580000,0x00000000fc280000)
  from space 10752K, 0% used [0x00000000fc280000,0x00000000fc280000,0x00000000fcd00000)
  to   space 10752K, 0% used [0x00000000ff580000,0x00000000ff580000,0x0000000100000000)
 ParOldGen       total 81408K, used 15317K [0x00000000e0000000, 0x00000000e4f80000, 0x00000000f5580000)
  object space 81408K, 18% used [0x00000000e0000000,0x00000000e0ef5570,0x00000000e4f80000)
 Metaspace       used 34579K, capacity 35136K, committed 35456K, reserved 1079296K
  class space    used 4959K, capacity 5124K, committed 5248K, reserved 1048576K
}

